Traceback (most recent call last):
  File "/opt/hostedtoolcache/Python/3.9.10/x64/lib/python3.9/site-packages/jupyter_cache/executors/utils.py", line 51, in single_nb_execution
    executenb(
  File "/opt/hostedtoolcache/Python/3.9.10/x64/lib/python3.9/site-packages/nbclient/client.py", line 1085, in execute
    return NotebookClient(nb=nb, resources=resources, km=km, **kwargs).execute()
  File "/opt/hostedtoolcache/Python/3.9.10/x64/lib/python3.9/site-packages/nbclient/util.py", line 84, in wrapped
    return just_run(coro(*args, **kwargs))
  File "/opt/hostedtoolcache/Python/3.9.10/x64/lib/python3.9/site-packages/nbclient/util.py", line 62, in just_run
    return loop.run_until_complete(coro)
  File "/opt/hostedtoolcache/Python/3.9.10/x64/lib/python3.9/asyncio/base_events.py", line 642, in run_until_complete
    return future.result()
  File "/opt/hostedtoolcache/Python/3.9.10/x64/lib/python3.9/site-packages/nbclient/client.py", line 551, in async_execute
    await self.async_execute_cell(
  File "/opt/hostedtoolcache/Python/3.9.10/x64/lib/python3.9/site-packages/nbclient/client.py", line 846, in async_execute_cell
    self._check_raise_for_error(cell, exec_reply)
  File "/opt/hostedtoolcache/Python/3.9.10/x64/lib/python3.9/site-packages/nbclient/client.py", line 748, in _check_raise_for_error
    raise CellExecutionError.from_cell_and_msg(cell, exec_reply_content)
nbclient.exceptions.CellExecutionError: An error occurred while executing the following cell:
------------------
from skan import skeleton_to_csgraph

pixel_graph, coordinates = skeleton_to_csgraph(skeleton0)
------------------

[0;31m---------------------------------------------------------------------------[0m
[0;31mImportError[0m                               Traceback (most recent call last)
Input [0;32mIn [7][0m, in [0;36m<module>[0;34m[0m
[0;32m----> 1[0m [38;5;28;01mfrom[39;00m [38;5;21;01mskan[39;00m [38;5;28;01mimport[39;00m skeleton_to_csgraph
[1;32m      3[0m pixel_graph, coordinates [38;5;241m=[39m skeleton_to_csgraph(skeleton0)

[0;31mImportError[0m: cannot import name 'skeleton_to_csgraph' from 'skan' (/opt/hostedtoolcache/Python/3.9.10/x64/lib/python3.9/site-packages/skan/__init__.py)
ImportError: cannot import name 'skeleton_to_csgraph' from 'skan' (/opt/hostedtoolcache/Python/3.9.10/x64/lib/python3.9/site-packages/skan/__init__.py)

